2021-09-22T02:49:42+00:00 CRITICAL require_once(): Failed opening required '/var/www/html/wp-content/plugins/woocommerce-payments//includes/class-wc-payments.php' (include_path='.:/usr/share/php') in /var/www/html/wp-content/plugins/woocommerce-payments/woocommerce-payments.php on line 93

2021-09-22T02:49:42+00:00 CRITICAL require_once(): Failed opening required '/var/www/html/wp-content/plugins/woocommerce-payments//includes/class-wc-payments.php' (include_path='.:/usr/share/php') in /var/www/html/wp-content/plugins/woocommerce-payments/woocommerce-payments.php on line 93

2021-09-22T02:49:47+00:00 CRITICAL Uncaught Error: Class 'WCPay\MultiCurrency\Tracking' not found in /var/www/html/wp-content/plugins/woocommerce-payments/includes/multi-currency/MultiCurrency.php:244
Stack trace:
#0 /var/www/html/wp-includes/class-wp-hook.php(303): WCPay\MultiCurrency\MultiCurrency->init()
#1 /var/www/html/wp-includes/class-wp-hook.php(327): WP_Hook->apply_filters()
#2 /var/www/html/wp-includes/plugin.php(470): WP_Hook->do_action()
#3 /var/www/html/wp-settings.php(578): do_action()
#4 /var/www/html/wp-config.php(90): require_once('/var/www/html/w...')
#5 /var/www/html/wp-load.php(50): require_once('/var/www/html/w...')
#6 /var/www/html/wp-blog-header.php(13): require_once('/var/www/html/w...')
#7 /var/www/html/index.php(17): require('/var/www/html/w...')
#8 {main}
  thrown in /var/www/html/wp-content/plugins/woocommerce-payments/includes/multi-currency/MultiCurrency.php on line 244

2021-09-22T02:49:47+00:00 CRITICAL Uncaught Error: Class 'WCPay\MultiCurrency\Tracking' not found in /var/www/html/wp-content/plugins/woocommerce-payments/includes/multi-currency/MultiCurrency.php:244
Stack trace:
#0 /var/www/html/wp-includes/class-wp-hook.php(303): WCPay\MultiCurrency\MultiCurrency->init()
#1 /var/www/html/wp-includes/class-wp-hook.php(327): WP_Hook->apply_filters()
#2 /var/www/html/wp-includes/plugin.php(470): WP_Hook->do_action()
#3 /var/www/html/wp-settings.php(578): do_action()
#4 /var/www/html/wp-config.php(90): require_once('/var/www/html/w...')
#5 /var/www/html/wp-load.php(50): require_once('/var/www/html/w...')
#6 /var/www/html/wp-blog-header.php(13): require_once('/var/www/html/w...')
#7 /var/www/html/index.php(17): require('/var/www/html/w...')
#8 {main}
  thrown in /var/www/html/wp-content/plugins/woocommerce-payments/includes/multi-currency/MultiCurrency.php on line 244

2021-09-22T02:49:48+00:00 CRITICAL Uncaught Error: Class 'WCPay\MultiCurrency\Tracking' not found in /var/www/html/wp-content/plugins/woocommerce-payments/includes/multi-currency/MultiCurrency.php:244
Stack trace:
#0 /var/www/html/wp-includes/class-wp-hook.php(303): WCPay\MultiCurrency\MultiCurrency->init()
#1 /var/www/html/wp-includes/class-wp-hook.php(327): WP_Hook->apply_filters()
#2 /var/www/html/wp-includes/plugin.php(470): WP_Hook->do_action()
#3 /var/www/html/wp-settings.php(578): do_action()
#4 /var/www/html/wp-config.php(90): require_once('/var/www/html/w...')
#5 /var/www/html/wp-load.php(50): require_once('/var/www/html/w...')
#6 /var/www/html/wp-blog-header.php(13): require_once('/var/www/html/w...')
#7 /var/www/html/index.php(17): require('/var/www/html/w...')
#8 {main}
  thrown in /var/www/html/wp-content/plugins/woocommerce-payments/includes/multi-currency/MultiCurrency.php on line 244

2021-09-22T02:49:48+00:00 CRITICAL Uncaught Error: Class 'WCPay\MultiCurrency\Tracking' not found in /var/www/html/wp-content/plugins/woocommerce-payments/includes/multi-currency/MultiCurrency.php:244
Stack trace:
#0 /var/www/html/wp-includes/class-wp-hook.php(303): WCPay\MultiCurrency\MultiCurrency->init()
#1 /var/www/html/wp-includes/class-wp-hook.php(327): WP_Hook->apply_filters()
#2 /var/www/html/wp-includes/plugin.php(470): WP_Hook->do_action()
#3 /var/www/html/wp-settings.php(578): do_action()
#4 /var/www/html/wp-config.php(90): require_once('/var/www/html/w...')
#5 /var/www/html/wp-load.php(50): require_once('/var/www/html/w...')
#6 /var/www/html/wp-blog-header.php(13): require_once('/var/www/html/w...')
#7 /var/www/html/index.php(17): require('/var/www/html/w...')
#8 {main}
  thrown in /var/www/html/wp-content/plugins/woocommerce-payments/includes/multi-currency/MultiCurrency.php on line 244

